Start testing: Dec 25 10:14 CST
----------------------------------------------------------
1/1 Testing: test_run
1/1 Test: test_run
Command: "/home/jianglei/gitTest/example1/cmakeDemo/Demo"
Directory: /home/jianglei/gitTest/example1/cmakeDemo
"test_run" start time: Dec 25 10:14 CST
Output:
----------------------------------------------------------
hello,world
mytest
example1
<end of output>
Test time =   0.00 sec
----------------------------------------------------------
Test Passed.
"test_run" end time: Dec 25 10:14 CST
"test_run" time elapsed: 00:00:00
----------------------------------------------------------

End testing: Dec 25 10:14 CST
